<?xml version="1.0" encoding="UTF-8"?>
<testng-results ignored="0" total="1" passed="1" failed="0" skipped="0">
  <reporter-output>
  </reporter-output>
  <suite started-at="2022-07-15T11:57:54 IST" name="Default suite" finished-at="2022-07-15T11:58:19 IST" duration-ms="24629">
    <groups>
    </groups>
    <test started-at="2022-07-15T11:57:54 IST" name="Default test" finished-at="2022-07-15T11:58:19 IST" duration-ms="24629">
      <class name="sampleTests.UseCase1">
        <test-method signature="loginToMoneyControl_withValidCreds()[pri:0, instance:sampleTests.UseCase1@3d1cfad4]" started-at="2022-07-15T11:57:54 IST" name="loginToMoneyControl_withValidCreds" finished-at="2022-07-15T11:58:19 IST" duration-ms="24601" status="PASS">
          <reporter-output>
          </reporter-output>
        </test-method> <!-- loginToMoneyControl_withValidCreds -->
      </class> <!-- sampleTests.UseCase1 -->
    </test> <!-- Default test -->
  </suite> <!-- Default suite -->
</testng-results>
